2023-03-23 17:40:38.535 [main] INFO  calculator.Calculator - [FACTORIAL] - 3.0
2023-03-23 17:40:38.537 [main] INFO  calculator.Calculator - [RESULT - FACTORIAL] - 6
2023-03-23 17:40:38.537 [main] INFO  calculator.Calculator - [FACTORIAL] - 4.0
2023-03-23 17:40:38.538 [main] INFO  calculator.Calculator - [RESULT - FACTORIAL] - 24
2023-03-23 17:40:38.539 [main] INFO  calculator.Calculator - [NATURAL LOG] - 145.256
2023-03-23 17:40:38.539 [main] INFO  calculator.Calculator - [RESULT - NATURAL LOG] - 4.978497702968366
2023-03-23 17:40:38.540 [main] INFO  calculator.Calculator - [NATURAL LOG] - 5.0
2023-03-23 17:40:38.540 [main] INFO  calculator.Calculator - [RESULT - NATURAL LOG] - 1.6094379124341003
2023-03-23 17:40:38.541 [main] INFO  calculator.Calculator - [NATURAL LOG] - 3.0
2023-03-23 17:40:38.541 [main] INFO  calculator.Calculator - [RESULT - NATURAL LOG] - 1.0986122886681098
2023-03-23 17:40:38.542 [main] INFO  calculator.Calculator - [NATURAL LOG] - 4.0
2023-03-23 17:40:38.542 [main] INFO  calculator.Calculator - [RESULT - NATURAL LOG] - 1.3862943611198906
2023-03-23 17:40:38.543 [main] INFO  calculator.Calculator - [SQUARE ROOT] - 25.0
2023-03-23 17:40:38.543 [main] INFO  calculator.Calculator - [RESULT - SQUARE ROOT] - 5.0
2023-03-23 17:40:38.543 [main] INFO  calculator.Calculator - [SQUARE ROOT] - 81.0
2023-03-23 17:40:38.544 [main] INFO  calculator.Calculator - [RESULT - SQUARE ROOT] - 9.0
2023-03-23 17:40:38.545 [main] INFO  calculator.Calculator - [SQUARE ROOT] - 121.0
2023-03-23 17:40:38.545 [main] INFO  calculator.Calculator - [RESULT - SQUARE ROOT] - 11.0
2023-03-23 17:40:38.546 [main] INFO  calculator.Calculator - [SQUARE ROOT] - 8.0
2023-03-23 17:40:38.546 [main] INFO  calculator.Calculator - [RESULT - SQUARE ROOT] - 2.8284271247461903
2023-03-23 17:40:38.547 [main] INFO  calculator.Calculator - [FACTORIAL] - 5.0
2023-03-23 17:40:38.547 [main] INFO  calculator.Calculator - [RESULT - FACTORIAL] - 120
2023-03-23 17:40:38.547 [main] INFO  calculator.Calculator - [FACTORIAL] - 0.0
2023-03-23 17:40:38.548 [main] INFO  calculator.Calculator - [RESULT - FACTORIAL] - 1
2023-03-23 17:40:38.549 [main] INFO  calculator.Calculator - [POWER - 5.0 AND 7.0
2023-03-23 17:40:38.549 [main] INFO  calculator.Calculator - [RESULT - POWER] - 78125.0
2023-03-23 17:40:38.549 [main] INFO  calculator.Calculator - [POWER - 4.0 AND 11.0
2023-03-23 17:40:38.550 [main] INFO  calculator.Calculator - [RESULT - POWER] - 4194304.0
2023-03-23 17:40:38.551 [main] INFO  calculator.Calculator - [POWER - 7.0 AND 3.0
2023-03-23 17:40:38.551 [main] INFO  calculator.Calculator - [RESULT - POWER] - 343.0
2023-03-23 17:40:38.551 [main] INFO  calculator.Calculator - [POWER - 6.0 AND 5.0
2023-03-23 17:40:38.551 [main] INFO  calculator.Calculator - [RESULT - POWER] - 7776.0
2023-03-23 17:41:02.809 [main] INFO  calculator.Calculator - [FACTORIAL] - 3.0
2023-03-23 17:41:02.811 [main] INFO  calculator.Calculator - [RESULT - FACTORIAL] - 6
2023-03-23 17:41:02.812 [main] INFO  calculator.Calculator - [FACTORIAL] - 4.0
2023-03-23 17:41:02.812 [main] INFO  calculator.Calculator - [RESULT - FACTORIAL] - 24
2023-03-23 17:41:02.813 [main] INFO  calculator.Calculator - [NATURAL LOG] - 145.256
2023-03-23 17:41:02.814 [main] INFO  calculator.Calculator - [RESULT - NATURAL LOG] - 4.978497702968366
2023-03-23 17:41:02.814 [main] INFO  calculator.Calculator - [NATURAL LOG] - 5.0
2023-03-23 17:41:02.814 [main] INFO  calculator.Calculator - [RESULT - NATURAL LOG] - 1.6094379124341003
2023-03-23 17:41:02.815 [main] INFO  calculator.Calculator - [NATURAL LOG] - 3.0
2023-03-23 17:41:02.815 [main] INFO  calculator.Calculator - [RESULT - NATURAL LOG] - 1.0986122886681098
2023-03-23 17:41:02.816 [main] INFO  calculator.Calculator - [NATURAL LOG] - 4.0
2023-03-23 17:41:02.816 [main] INFO  calculator.Calculator - [RESULT - NATURAL LOG] - 1.3862943611198906
2023-03-23 17:41:02.817 [main] INFO  calculator.Calculator - [SQUARE ROOT] - 25.0
2023-03-23 17:41:02.817 [main] INFO  calculator.Calculator - [RESULT - SQUARE ROOT] - 5.0
2023-03-23 17:41:02.817 [main] INFO  calculator.Calculator - [SQUARE ROOT] - 81.0
2023-03-23 17:41:02.818 [main] INFO  calculator.Calculator - [RESULT - SQUARE ROOT] - 9.0
2023-03-23 17:41:02.818 [main] INFO  calculator.Calculator - [SQUARE ROOT] - 121.0
2023-03-23 17:41:02.818 [main] INFO  calculator.Calculator - [RESULT - SQUARE ROOT] - 11.0
2023-03-23 17:41:02.819 [main] INFO  calculator.Calculator - [SQUARE ROOT] - 8.0
2023-03-23 17:41:02.819 [main] INFO  calculator.Calculator - [RESULT - SQUARE ROOT] - 2.8284271247461903
2023-03-23 17:41:02.820 [main] INFO  calculator.Calculator - [FACTORIAL] - 5.0
2023-03-23 17:41:02.820 [main] INFO  calculator.Calculator - [RESULT - FACTORIAL] - 120
2023-03-23 17:41:02.821 [main] INFO  calculator.Calculator - [FACTORIAL] - 0.0
2023-03-23 17:41:02.821 [main] INFO  calculator.Calculator - [RESULT - FACTORIAL] - 1
2023-03-23 17:41:02.822 [main] INFO  calculator.Calculator - [POWER - 5.0 AND 7.0
2023-03-23 17:41:02.823 [main] INFO  calculator.Calculator - [RESULT - POWER] - 78125.0
2023-03-23 17:41:02.823 [main] INFO  calculator.Calculator - [POWER - 4.0 AND 11.0
2023-03-23 17:41:02.823 [main] INFO  calculator.Calculator - [RESULT - POWER] - 4194304.0
2023-03-23 17:41:02.824 [main] INFO  calculator.Calculator - [POWER - 7.0 AND 3.0
2023-03-23 17:41:02.825 [main] INFO  calculator.Calculator - [RESULT - POWER] - 343.0
2023-03-23 17:41:02.825 [main] INFO  calculator.Calculator - [POWER - 6.0 AND 5.0
2023-03-23 17:41:02.825 [main] INFO  calculator.Calculator - [RESULT - POWER] - 7776.0
2023-03-23 17:41:48.685 [main] INFO  calculator.Calculator - [FACTORIAL] - 3.0
2023-03-23 17:41:48.688 [main] INFO  calculator.Calculator - [RESULT - FACTORIAL] - 6
2023-03-23 17:41:48.689 [main] INFO  calculator.Calculator - [FACTORIAL] - 4.0
2023-03-23 17:41:48.689 [main] INFO  calculator.Calculator - [RESULT - FACTORIAL] - 24
2023-03-23 17:41:48.690 [main] INFO  calculator.Calculator - [NATURAL LOG] - 145.256
2023-03-23 17:41:48.691 [main] INFO  calculator.Calculator - [RESULT - NATURAL LOG] - 4.978497702968366
2023-03-23 17:41:48.691 [main] INFO  calculator.Calculator - [NATURAL LOG] - 5.0
2023-03-23 17:41:48.692 [main] INFO  calculator.Calculator - [RESULT - NATURAL LOG] - 1.6094379124341003
2023-03-23 17:41:48.693 [main] INFO  calculator.Calculator - [NATURAL LOG] - 3.0
2023-03-23 17:41:48.693 [main] INFO  calculator.Calculator - [RESULT - NATURAL LOG] - 1.0986122886681098
2023-03-23 17:41:48.693 [main] INFO  calculator.Calculator - [NATURAL LOG] - 4.0
2023-03-23 17:41:48.694 [main] INFO  calculator.Calculator - [RESULT - NATURAL LOG] - 1.3862943611198906
2023-03-23 17:41:48.694 [main] INFO  calculator.Calculator - [SQUARE ROOT] - 25.0
2023-03-23 17:41:48.694 [main] INFO  calculator.Calculator - [RESULT - SQUARE ROOT] - 5.0
2023-03-23 17:41:48.695 [main] INFO  calculator.Calculator - [SQUARE ROOT] - 81.0
2023-03-23 17:41:48.695 [main] INFO  calculator.Calculator - [RESULT - SQUARE ROOT] - 9.0
2023-03-23 17:41:48.696 [main] INFO  calculator.Calculator - [SQUARE ROOT] - 121.0
2023-03-23 17:41:48.696 [main] INFO  calculator.Calculator - [RESULT - SQUARE ROOT] - 11.0
2023-03-23 17:41:48.696 [main] INFO  calculator.Calculator - [SQUARE ROOT] - 8.0
2023-03-23 17:41:48.697 [main] INFO  calculator.Calculator - [RESULT - SQUARE ROOT] - 2.8284271247461903
2023-03-23 17:41:48.697 [main] INFO  calculator.Calculator - [FACTORIAL] - 5.0
2023-03-23 17:41:48.698 [main] INFO  calculator.Calculator - [RESULT - FACTORIAL] - 120
2023-03-23 17:41:48.698 [main] INFO  calculator.Calculator - [FACTORIAL] - 0.0
2023-03-23 17:41:48.698 [main] INFO  calculator.Calculator - [RESULT - FACTORIAL] - 1
2023-03-23 17:41:48.699 [main] INFO  calculator.Calculator - [POWER - 5.0 AND 7.0
2023-03-23 17:41:48.699 [main] INFO  calculator.Calculator - [RESULT - POWER] - 78125.0
2023-03-23 17:41:48.699 [main] INFO  calculator.Calculator - [POWER - 4.0 AND 11.0
2023-03-23 17:41:48.700 [main] INFO  calculator.Calculator - [RESULT - POWER] - 4194304.0
2023-03-23 17:41:48.700 [main] INFO  calculator.Calculator - [POWER - 7.0 AND 3.0
2023-03-23 17:41:48.701 [main] INFO  calculator.Calculator - [RESULT - POWER] - 343.0
2023-03-23 17:41:48.701 [main] INFO  calculator.Calculator - [POWER - 6.0 AND 5.0
2023-03-23 17:41:48.701 [main] INFO  calculator.Calculator - [RESULT - POWER] - 7776.0
2023-03-24 14:57:55.169 [main] INFO  calculator.Calculator - [FACTORIAL] - 3.0
2023-03-24 14:57:55.174 [main] INFO  calculator.Calculator - [RESULT - FACTORIAL] - 6
2023-03-24 14:57:55.175 [main] INFO  calculator.Calculator - [FACTORIAL] - 4.0
2023-03-24 14:57:55.176 [main] INFO  calculator.Calculator - [RESULT - FACTORIAL] - 24
2023-03-24 14:57:55.177 [main] INFO  calculator.Calculator - [NATURAL LOG] - 145.256
2023-03-24 14:57:55.178 [main] INFO  calculator.Calculator - [RESULT - NATURAL LOG] - 4.978497702968366
2023-03-24 14:57:55.178 [main] INFO  calculator.Calculator - [NATURAL LOG] - 5.0
2023-03-24 14:57:55.179 [main] INFO  calculator.Calculator - [RESULT - NATURAL LOG] - 1.6094379124341003
2023-03-24 14:57:55.180 [main] INFO  calculator.Calculator - [NATURAL LOG] - 3.0
2023-03-24 14:57:55.180 [main] INFO  calculator.Calculator - [RESULT - NATURAL LOG] - 1.0986122886681098
2023-03-24 14:57:55.180 [main] INFO  calculator.Calculator - [NATURAL LOG] - 4.0
2023-03-24 14:57:55.181 [main] INFO  calculator.Calculator - [RESULT - NATURAL LOG] - 1.3862943611198906
2023-03-24 14:57:55.182 [main] INFO  calculator.Calculator - [SQUARE ROOT] - 25.0
2023-03-24 14:57:55.182 [main] INFO  calculator.Calculator - [RESULT - SQUARE ROOT] - 5.0
2023-03-24 14:57:55.182 [main] INFO  calculator.Calculator - [SQUARE ROOT] - 81.0
2023-03-24 14:57:55.183 [main] INFO  calculator.Calculator - [RESULT - SQUARE ROOT] - 9.0
2023-03-24 14:57:55.184 [main] INFO  calculator.Calculator - [SQUARE ROOT] - 121.0
2023-03-24 14:57:55.185 [main] INFO  calculator.Calculator - [RESULT - SQUARE ROOT] - 11.0
2023-03-24 14:57:55.186 [main] INFO  calculator.Calculator - [SQUARE ROOT] - 8.0
2023-03-24 14:57:55.187 [main] INFO  calculator.Calculator - [RESULT - SQUARE ROOT] - 2.8284271247461903
2023-03-24 14:57:55.189 [main] INFO  calculator.Calculator - [FACTORIAL] - 5.0
2023-03-24 14:57:55.189 [main] INFO  calculator.Calculator - [RESULT - FACTORIAL] - 120
2023-03-24 14:57:55.189 [main] INFO  calculator.Calculator - [FACTORIAL] - 0.0
2023-03-24 14:57:55.190 [main] INFO  calculator.Calculator - [RESULT - FACTORIAL] - 1
2023-03-24 14:57:55.191 [main] INFO  calculator.Calculator - [POWER - 5.0 AND 7.0
2023-03-24 14:57:55.191 [main] INFO  calculator.Calculator - [RESULT - POWER] - 78125.0
2023-03-24 14:57:55.191 [main] INFO  calculator.Calculator - [POWER - 4.0 AND 11.0
2023-03-24 14:57:55.192 [main] INFO  calculator.Calculator - [RESULT - POWER] - 4194304.0
2023-03-24 14:57:55.192 [main] INFO  calculator.Calculator - [POWER - 7.0 AND 3.0
2023-03-24 14:57:55.193 [main] INFO  calculator.Calculator - [RESULT - POWER] - 343.0
2023-03-24 14:57:55.193 [main] INFO  calculator.Calculator - [POWER - 6.0 AND 5.0
2023-03-24 14:57:55.194 [main] INFO  calculator.Calculator - [RESULT - POWER] - 7776.0
2023-03-24 14:58:11.758 [main] INFO  calculator.Calculator - [FACTORIAL] - 3.0
2023-03-24 14:58:11.763 [main] INFO  calculator.Calculator - [RESULT - FACTORIAL] - 6
2023-03-24 14:58:11.763 [main] INFO  calculator.Calculator - [FACTORIAL] - 4.0
2023-03-24 14:58:11.764 [main] INFO  calculator.Calculator - [RESULT - FACTORIAL] - 24
2023-03-24 14:58:11.766 [main] INFO  calculator.Calculator - [NATURAL LOG] - 145.256
2023-03-24 14:58:11.767 [main] INFO  calculator.Calculator - [RESULT - NATURAL LOG] - 4.978497702968366
2023-03-24 14:58:11.767 [main] INFO  calculator.Calculator - [NATURAL LOG] - 5.0
2023-03-24 14:58:11.769 [main] INFO  calculator.Calculator - [RESULT - NATURAL LOG] - 1.6094379124341003
2023-03-24 14:58:11.770 [main] INFO  calculator.Calculator - [NATURAL LOG] - 3.0
2023-03-24 14:58:11.771 [main] INFO  calculator.Calculator - [RESULT - NATURAL LOG] - 1.0986122886681098
2023-03-24 14:58:11.771 [main] INFO  calculator.Calculator - [NATURAL LOG] - 4.0
2023-03-24 14:58:11.772 [main] INFO  calculator.Calculator - [RESULT - NATURAL LOG] - 1.3862943611198906
2023-03-24 14:58:11.773 [main] INFO  calculator.Calculator - [SQUARE ROOT] - 25.0
2023-03-24 14:58:11.774 [main] INFO  calculator.Calculator - [RESULT - SQUARE ROOT] - 5.0
2023-03-24 14:58:11.774 [main] INFO  calculator.Calculator - [SQUARE ROOT] - 81.0
2023-03-24 14:58:11.774 [main] INFO  calculator.Calculator - [RESULT - SQUARE ROOT] - 9.0
2023-03-24 14:58:11.775 [main] INFO  calculator.Calculator - [SQUARE ROOT] - 121.0
2023-03-24 14:58:11.776 [main] INFO  calculator.Calculator - [RESULT - SQUARE ROOT] - 11.0
2023-03-24 14:58:11.776 [main] INFO  calculator.Calculator - [SQUARE ROOT] - 8.0
2023-03-24 14:58:11.777 [main] INFO  calculator.Calculator - [RESULT - SQUARE ROOT] - 2.8284271247461903
2023-03-24 14:58:11.778 [main] INFO  calculator.Calculator - [FACTORIAL] - 5.0
2023-03-24 14:58:11.778 [main] INFO  calculator.Calculator - [RESULT - FACTORIAL] - 120
2023-03-24 14:58:11.779 [main] INFO  calculator.Calculator - [FACTORIAL] - 0.0
2023-03-24 14:58:11.779 [main] INFO  calculator.Calculator - [RESULT - FACTORIAL] - 1
2023-03-24 14:58:11.780 [main] INFO  calculator.Calculator - [POWER - 5.0 AND 7.0
2023-03-24 14:58:11.781 [main] INFO  calculator.Calculator - [RESULT - POWER] - 78125.0
2023-03-24 14:58:11.781 [main] INFO  calculator.Calculator - [POWER - 4.0 AND 11.0
2023-03-24 14:58:11.782 [main] INFO  calculator.Calculator - [RESULT - POWER] - 4194304.0
2023-03-24 14:58:11.783 [main] INFO  calculator.Calculator - [POWER - 7.0 AND 3.0
2023-03-24 14:58:11.784 [main] INFO  calculator.Calculator - [RESULT - POWER] - 343.0
2023-03-24 14:58:11.784 [main] INFO  calculator.Calculator - [POWER - 6.0 AND 5.0
2023-03-24 14:58:11.785 [main] INFO  calculator.Calculator - [RESULT - POWER] - 7776.0
2023-03-24 15:14:58.347 [main] INFO  calculator.Calculator - [FACTORIAL] - 3.0
2023-03-24 15:14:58.350 [main] INFO  calculator.Calculator - [RESULT - FACTORIAL] - 6
2023-03-24 15:14:58.350 [main] INFO  calculator.Calculator - [FACTORIAL] - 4.0
2023-03-24 15:14:58.350 [main] INFO  calculator.Calculator - [RESULT - FACTORIAL] - 24
2023-03-24 15:14:58.352 [main] INFO  calculator.Calculator - [NATURAL LOG] - 145.256
2023-03-24 15:14:58.352 [main] INFO  calculator.Calculator - [RESULT - NATURAL LOG] - 4.978497702968366
2023-03-24 15:14:58.352 [main] INFO  calculator.Calculator - [NATURAL LOG] - 5.0
2023-03-24 15:14:58.353 [main] INFO  calculator.Calculator - [RESULT - NATURAL LOG] - 1.6094379124341003
2023-03-24 15:14:58.353 [main] INFO  calculator.Calculator - [NATURAL LOG] - 3.0
2023-03-24 15:14:58.354 [main] INFO  calculator.Calculator - [RESULT - NATURAL LOG] - 1.0986122886681098
2023-03-24 15:14:58.354 [main] INFO  calculator.Calculator - [NATURAL LOG] - 4.0
2023-03-24 15:14:58.354 [main] INFO  calculator.Calculator - [RESULT - NATURAL LOG] - 1.3862943611198906
2023-03-24 15:14:58.355 [main] INFO  calculator.Calculator - [SQUARE ROOT] - 25.0
2023-03-24 15:14:58.355 [main] INFO  calculator.Calculator - [RESULT - SQUARE ROOT] - 5.0
2023-03-24 15:14:58.356 [main] INFO  calculator.Calculator - [SQUARE ROOT] - 81.0
2023-03-24 15:14:58.356 [main] INFO  calculator.Calculator - [RESULT - SQUARE ROOT] - 9.0
2023-03-24 15:14:58.357 [main] INFO  calculator.Calculator - [SQUARE ROOT] - 121.0
2023-03-24 15:14:58.357 [main] INFO  calculator.Calculator - [RESULT - SQUARE ROOT] - 11.0
2023-03-24 15:14:58.358 [main] INFO  calculator.Calculator - [SQUARE ROOT] - 8.0
2023-03-24 15:14:58.358 [main] INFO  calculator.Calculator - [RESULT - SQUARE ROOT] - 2.8284271247461903
2023-03-24 15:14:58.358 [main] INFO  calculator.Calculator - [FACTORIAL] - 5.0
2023-03-24 15:14:58.359 [main] INFO  calculator.Calculator - [RESULT - FACTORIAL] - 120
2023-03-24 15:14:58.359 [main] INFO  calculator.Calculator - [FACTORIAL] - 0.0
2023-03-24 15:14:58.359 [main] INFO  calculator.Calculator - [RESULT - FACTORIAL] - 1
2023-03-24 15:14:58.360 [main] INFO  calculator.Calculator - [POWER - 5.0 AND 7.0
2023-03-24 15:14:58.360 [main] INFO  calculator.Calculator - [RESULT - POWER] - 78125.0
2023-03-24 15:14:58.361 [main] INFO  calculator.Calculator - [POWER - 4.0 AND 11.0
2023-03-24 15:14:58.361 [main] INFO  calculator.Calculator - [RESULT - POWER] - 4194304.0
2023-03-24 15:14:58.361 [main] INFO  calculator.Calculator - [POWER - 7.0 AND 3.0
2023-03-24 15:14:58.362 [main] INFO  calculator.Calculator - [RESULT - POWER] - 343.0
2023-03-24 15:14:58.362 [main] INFO  calculator.Calculator - [POWER - 6.0 AND 5.0
2023-03-24 15:14:58.362 [main] INFO  calculator.Calculator - [RESULT - POWER] - 7776.0
2023-03-24 15:18:19.040 [main] INFO  calculator.Calculator - [FACTORIAL] - 3.0
2023-03-24 15:18:19.042 [main] INFO  calculator.Calculator - [RESULT - FACTORIAL] - 6
2023-03-24 15:18:19.043 [main] INFO  calculator.Calculator - [FACTORIAL] - 4.0
2023-03-24 15:18:19.043 [main] INFO  calculator.Calculator - [RESULT - FACTORIAL] - 24
2023-03-24 15:18:19.044 [main] INFO  calculator.Calculator - [NATURAL LOG] - 145.256
2023-03-24 15:18:19.044 [main] INFO  calculator.Calculator - [RESULT - NATURAL LOG] - 4.978497702968366
2023-03-24 15:18:19.044 [main] INFO  calculator.Calculator - [NATURAL LOG] - 5.0
2023-03-24 15:18:19.044 [main] INFO  calculator.Calculator - [RESULT - NATURAL LOG] - 1.6094379124341003
2023-03-24 15:18:19.045 [main] INFO  calculator.Calculator - [NATURAL LOG] - 3.0
2023-03-24 15:18:19.045 [main] INFO  calculator.Calculator - [RESULT - NATURAL LOG] - 1.0986122886681098
2023-03-24 15:18:19.045 [main] INFO  calculator.Calculator - [NATURAL LOG] - 4.0
2023-03-24 15:18:19.046 [main] INFO  calculator.Calculator - [RESULT - NATURAL LOG] - 1.3862943611198906
2023-03-24 15:18:19.046 [main] INFO  calculator.Calculator - [SQUARE ROOT] - 25.0
2023-03-24 15:18:19.047 [main] INFO  calculator.Calculator - [RESULT - SQUARE ROOT] - 5.0
2023-03-24 15:18:19.047 [main] INFO  calculator.Calculator - [SQUARE ROOT] - 81.0
2023-03-24 15:18:19.047 [main] INFO  calculator.Calculator - [RESULT - SQUARE ROOT] - 9.0
2023-03-24 15:18:19.048 [main] INFO  calculator.Calculator - [SQUARE ROOT] - 121.0
2023-03-24 15:18:19.048 [main] INFO  calculator.Calculator - [RESULT - SQUARE ROOT] - 11.0
2023-03-24 15:18:19.048 [main] INFO  calculator.Calculator - [SQUARE ROOT] - 8.0
2023-03-24 15:18:19.048 [main] INFO  calculator.Calculator - [RESULT - SQUARE ROOT] - 2.8284271247461903
2023-03-24 15:18:19.049 [main] INFO  calculator.Calculator - [FACTORIAL] - 5.0
2023-03-24 15:18:19.049 [main] INFO  calculator.Calculator - [RESULT - FACTORIAL] - 120
2023-03-24 15:18:19.049 [main] INFO  calculator.Calculator - [FACTORIAL] - 0.0
2023-03-24 15:18:19.050 [main] INFO  calculator.Calculator - [RESULT - FACTORIAL] - 1
2023-03-24 15:18:19.050 [main] INFO  calculator.Calculator - [POWER - 5.0 AND 7.0
2023-03-24 15:18:19.050 [main] INFO  calculator.Calculator - [RESULT - POWER] - 78125.0
2023-03-24 15:18:19.051 [main] INFO  calculator.Calculator - [POWER - 4.0 AND 11.0
2023-03-24 15:18:19.051 [main] INFO  calculator.Calculator - [RESULT - POWER] - 4194304.0
2023-03-24 15:18:19.052 [main] INFO  calculator.Calculator - [POWER - 7.0 AND 3.0
2023-03-24 15:18:19.052 [main] INFO  calculator.Calculator - [RESULT - POWER] - 343.0
2023-03-24 15:18:19.052 [main] INFO  calculator.Calculator - [POWER - 6.0 AND 5.0
2023-03-24 15:18:19.052 [main] INFO  calculator.Calculator - [RESULT - POWER] - 7776.0
2023-03-24 15:20:05.272 [main] INFO  calculator.Calculator - [FACTORIAL] - 3.0
2023-03-24 15:20:05.275 [main] INFO  calculator.Calculator - [RESULT - FACTORIAL] - 6
2023-03-24 15:20:05.275 [main] INFO  calculator.Calculator - [FACTORIAL] - 4.0
2023-03-24 15:20:05.275 [main] INFO  calculator.Calculator - [RESULT - FACTORIAL] - 24
2023-03-24 15:20:05.277 [main] INFO  calculator.Calculator - [NATURAL LOG] - 145.256
2023-03-24 15:20:05.277 [main] INFO  calculator.Calculator - [RESULT - NATURAL LOG] - 4.978497702968366
2023-03-24 15:20:05.277 [main] INFO  calculator.Calculator - [NATURAL LOG] - 5.0
2023-03-24 15:20:05.278 [main] INFO  calculator.Calculator - [RESULT - NATURAL LOG] - 1.6094379124341003
2023-03-24 15:20:05.278 [main] INFO  calculator.Calculator - [NATURAL LOG] - 3.0
2023-03-24 15:20:05.279 [main] INFO  calculator.Calculator - [RESULT - NATURAL LOG] - 1.0986122886681098
2023-03-24 15:20:05.279 [main] INFO  calculator.Calculator - [NATURAL LOG] - 4.0
2023-03-24 15:20:05.279 [main] INFO  calculator.Calculator - [RESULT - NATURAL LOG] - 1.3862943611198906
2023-03-24 15:20:05.280 [main] INFO  calculator.Calculator - [SQUARE ROOT] - 25.0
2023-03-24 15:20:05.281 [main] INFO  calculator.Calculator - [RESULT - SQUARE ROOT] - 5.0
2023-03-24 15:20:05.281 [main] INFO  calculator.Calculator - [SQUARE ROOT] - 81.0
2023-03-24 15:20:05.281 [main] INFO  calculator.Calculator - [RESULT - SQUARE ROOT] - 9.0
2023-03-24 15:20:05.282 [main] INFO  calculator.Calculator - [SQUARE ROOT] - 121.0
2023-03-24 15:20:05.282 [main] INFO  calculator.Calculator - [RESULT - SQUARE ROOT] - 11.0
2023-03-24 15:20:05.282 [main] INFO  calculator.Calculator - [SQUARE ROOT] - 8.0
2023-03-24 15:20:05.283 [main] INFO  calculator.Calculator - [RESULT - SQUARE ROOT] - 2.8284271247461903
2023-03-24 15:20:05.283 [main] INFO  calculator.Calculator - [FACTORIAL] - 5.0
2023-03-24 15:20:05.284 [main] INFO  calculator.Calculator - [RESULT - FACTORIAL] - 120
2023-03-24 15:20:05.284 [main] INFO  calculator.Calculator - [FACTORIAL] - 0.0
2023-03-24 15:20:05.284 [main] INFO  calculator.Calculator - [RESULT - FACTORIAL] - 1
2023-03-24 15:20:05.285 [main] INFO  calculator.Calculator - [POWER - 5.0 AND 7.0
2023-03-24 15:20:05.285 [main] INFO  calculator.Calculator - [RESULT - POWER] - 78125.0
2023-03-24 15:20:05.286 [main] INFO  calculator.Calculator - [POWER - 4.0 AND 11.0
2023-03-24 15:20:05.286 [main] INFO  calculator.Calculator - [RESULT - POWER] - 4194304.0
2023-03-24 15:20:05.287 [main] INFO  calculator.Calculator - [POWER - 7.0 AND 3.0
2023-03-24 15:20:05.287 [main] INFO  calculator.Calculator - [RESULT - POWER] - 343.0
2023-03-24 15:20:05.287 [main] INFO  calculator.Calculator - [POWER - 6.0 AND 5.0
2023-03-24 15:20:05.288 [main] INFO  calculator.Calculator - [RESULT - POWER] - 7776.0
2023-03-26 13:19:19.838 [main] INFO  calculator.Calculator - [FACTORIAL] - 3.0
2023-03-26 13:19:19.840 [main] INFO  calculator.Calculator - [RESULT - FACTORIAL] - 6
2023-03-26 13:19:19.840 [main] INFO  calculator.Calculator - [FACTORIAL] - 4.0
2023-03-26 13:19:19.840 [main] INFO  calculator.Calculator - [RESULT - FACTORIAL] - 24
2023-03-26 13:19:19.841 [main] INFO  calculator.Calculator - [NATURAL LOG] - 145.256
2023-03-26 13:19:19.842 [main] INFO  calculator.Calculator - [RESULT - NATURAL LOG] - 4.978497702968366
2023-03-26 13:19:19.842 [main] INFO  calculator.Calculator - [NATURAL LOG] - 5.0
2023-03-26 13:19:19.842 [main] INFO  calculator.Calculator - [RESULT - NATURAL LOG] - 1.6094379124341003
2023-03-26 13:19:19.843 [main] INFO  calculator.Calculator - [NATURAL LOG] - 3.0
2023-03-26 13:19:19.843 [main] INFO  calculator.Calculator - [RESULT - NATURAL LOG] - 1.0986122886681098
2023-03-26 13:19:19.844 [main] INFO  calculator.Calculator - [NATURAL LOG] - 4.0
2023-03-26 13:19:19.844 [main] INFO  calculator.Calculator - [RESULT - NATURAL LOG] - 1.3862943611198906
2023-03-26 13:19:19.845 [main] INFO  calculator.Calculator - [SQUARE ROOT] - 25.0
2023-03-26 13:19:19.845 [main] INFO  calculator.Calculator - [RESULT - SQUARE ROOT] - 5.0
2023-03-26 13:19:19.845 [main] INFO  calculator.Calculator - [SQUARE ROOT] - 81.0
2023-03-26 13:19:19.845 [main] INFO  calculator.Calculator - [RESULT - SQUARE ROOT] - 9.0
2023-03-26 13:19:19.846 [main] INFO  calculator.Calculator - [SQUARE ROOT] - 121.0
2023-03-26 13:19:19.846 [main] INFO  calculator.Calculator - [RESULT - SQUARE ROOT] - 11.0
2023-03-26 13:19:19.847 [main] INFO  calculator.Calculator - [SQUARE ROOT] - 8.0
2023-03-26 13:19:19.847 [main] INFO  calculator.Calculator - [RESULT - SQUARE ROOT] - 2.8284271247461903
2023-03-26 13:19:19.848 [main] INFO  calculator.Calculator - [FACTORIAL] - 5.0
2023-03-26 13:19:19.848 [main] INFO  calculator.Calculator - [RESULT - FACTORIAL] - 120
2023-03-26 13:19:19.848 [main] INFO  calculator.Calculator - [FACTORIAL] - 0.0
2023-03-26 13:19:19.849 [main] INFO  calculator.Calculator - [RESULT - FACTORIAL] - 1
2023-03-26 13:19:19.849 [main] INFO  calculator.Calculator - [POWER - 5.0 AND 7.0
2023-03-26 13:19:19.850 [main] INFO  calculator.Calculator - [RESULT - POWER] - 78125.0
2023-03-26 13:19:19.850 [main] INFO  calculator.Calculator - [POWER - 4.0 AND 11.0
2023-03-26 13:19:19.850 [main] INFO  calculator.Calculator - [RESULT - POWER] - 4194304.0
2023-03-26 13:19:19.851 [main] INFO  calculator.Calculator - [POWER - 7.0 AND 3.0
2023-03-26 13:19:19.852 [main] INFO  calculator.Calculator - [RESULT - POWER] - 343.0
2023-03-26 13:19:19.852 [main] INFO  calculator.Calculator - [POWER - 6.0 AND 5.0
2023-03-26 13:19:19.852 [main] INFO  calculator.Calculator - [RESULT - POWER] - 7776.0
2023-03-26 13:21:18.122 [main] INFO  calculator.Calculator - [FACTORIAL] - 3.0
2023-03-26 13:21:18.124 [main] INFO  calculator.Calculator - [RESULT - FACTORIAL] - 6
2023-03-26 13:21:18.124 [main] INFO  calculator.Calculator - [FACTORIAL] - 4.0
2023-03-26 13:21:18.124 [main] INFO  calculator.Calculator - [RESULT - FACTORIAL] - 24
2023-03-26 13:21:18.125 [main] INFO  calculator.Calculator - [NATURAL LOG] - 145.256
2023-03-26 13:21:18.125 [main] INFO  calculator.Calculator - [RESULT - NATURAL LOG] - 4.978497702968366
2023-03-26 13:21:18.126 [main] INFO  calculator.Calculator - [NATURAL LOG] - 5.0
2023-03-26 13:21:18.126 [main] INFO  calculator.Calculator - [RESULT - NATURAL LOG] - 1.6094379124341003
2023-03-26 13:21:18.128 [main] INFO  calculator.Calculator - [NATURAL LOG] - 3.0
2023-03-26 13:21:18.129 [main] INFO  calculator.Calculator - [RESULT - NATURAL LOG] - 1.0986122886681098
2023-03-26 13:21:18.130 [main] INFO  calculator.Calculator - [NATURAL LOG] - 4.0
2023-03-26 13:21:18.131 [main] INFO  calculator.Calculator - [RESULT - NATURAL LOG] - 1.3862943611198906
2023-03-26 13:21:18.133 [main] INFO  calculator.Calculator - [SQUARE ROOT] - 25.0
2023-03-26 13:21:18.133 [main] INFO  calculator.Calculator - [RESULT - SQUARE ROOT] - 5.0
2023-03-26 13:21:18.134 [main] INFO  calculator.Calculator - [SQUARE ROOT] - 81.0
2023-03-26 13:21:18.135 [main] INFO  calculator.Calculator - [RESULT - SQUARE ROOT] - 9.0
2023-03-26 13:21:18.137 [main] INFO  calculator.Calculator - [SQUARE ROOT] - 121.0
2023-03-26 13:21:18.138 [main] INFO  calculator.Calculator - [RESULT - SQUARE ROOT] - 11.0
2023-03-26 13:21:18.138 [main] INFO  calculator.Calculator - [SQUARE ROOT] - 8.0
2023-03-26 13:21:18.139 [main] INFO  calculator.Calculator - [RESULT - SQUARE ROOT] - 2.8284271247461903
2023-03-26 13:21:18.140 [main] INFO  calculator.Calculator - [FACTORIAL] - 5.0
2023-03-26 13:21:18.141 [main] INFO  calculator.Calculator - [RESULT - FACTORIAL] - 120
2023-03-26 13:21:18.141 [main] INFO  calculator.Calculator - [FACTORIAL] - 0.0
2023-03-26 13:21:18.142 [main] INFO  calculator.Calculator - [RESULT - FACTORIAL] - 1
2023-03-26 13:21:18.143 [main] INFO  calculator.Calculator - [POWER - 5.0 AND 7.0
2023-03-26 13:21:18.144 [main] INFO  calculator.Calculator - [RESULT - POWER] - 78125.0
2023-03-26 13:21:18.144 [main] INFO  calculator.Calculator - [POWER - 4.0 AND 11.0
2023-03-26 13:21:18.145 [main] INFO  calculator.Calculator - [RESULT - POWER] - 4194304.0
2023-03-26 13:21:18.146 [main] INFO  calculator.Calculator - [POWER - 7.0 AND 3.0
2023-03-26 13:21:18.146 [main] INFO  calculator.Calculator - [RESULT - POWER] - 343.0
2023-03-26 13:21:18.146 [main] INFO  calculator.Calculator - [POWER - 6.0 AND 5.0
2023-03-26 13:21:18.147 [main] INFO  calculator.Calculator - [RESULT - POWER] - 7776.0
